[0.051s] DEBUG:colcon:Command line arguments: ['/usr/bin/colcon', 'build']
[0.051s] DEBUG:colcon:Parsed command line arguments: Namespace(log_base=None, log_level=None, verb_name='build', build_base='build', install_base='install', merge_install=False, symlink_install=False, test_result_base=None, continue_on_error=False, executor='parallel', parallel_workers=20, event_handlers=None, ignore_user_meta=False, metas=['./colcon.meta'], base_paths=['.'], packages_ignore=None, packages_ignore_regex=None, paths=None, packages_up_to=None, packages_up_to_regex=None, packages_above=None, packages_above_and_dependencies=None, packages_above_depth=None, packages_select_by_dep=None, packages_skip_by_dep=None, packages_skip_up_to=None, packages_select_build_failed=False, packages_skip_build_finished=False, packages_select_test_failures=False, packages_skip_test_passed=False, packages_select=None, packages_skip=None, packages_select_regex=None, packages_skip_regex=None, packages_start=None, packages_end=None, cmake_args=None, cmake_target=None, cmake_target_skip_unavailable=False, cmake_clean_cache=False, cmake_clean_first=False, cmake_force_configure=False, ament_cmake_args=None, catkin_cmake_args=None, catkin_skip_building_tests=False, mixin_files=None, mixin=None, verb_parser=<colcon_mixin.mixin.mixin_argument.MixinArgumentDecorator object at 0x7f2a70193d90>, verb_extension=<colcon_core.verb.build.BuildVerb object at 0x7f2a703ad780>, main=<bound method BuildVerb.main of <colcon_core.verb.build.BuildVerb object at 0x7f2a703ad780>>, mixin_verb=('build',))
[0.110s] Level 1:colcon.colcon_core.package_discovery:discover_packages(colcon_meta) check parameters
[0.110s] INFO:colcon.colcon_metadata.package_discovery.colcon_meta:Using configuration from '/root/.colcon/metadata/default/Gazebo.meta'
[0.111s] INFO:colcon.colcon_metadata.package_discovery.colcon_meta:Using configuration from '/root/.colcon/metadata/default/fastdds.meta'
[0.111s] INFO:colcon.colcon_metadata.package_discovery.colcon_meta:Using configuration from '/root/.colcon/metadata/default/fastrtps.meta'
[0.111s] Level 1:colcon.colcon_core.package_discovery:discover_packages(recursive) check parameters
[0.111s] Level 1:colcon.colcon_core.package_discovery:discover_packages(ignore) check parameters
[0.111s] Level 1:colcon.colcon_core.package_discovery:discover_packages(path) check parameters
[0.111s] Level 1:colcon.colcon_core.package_discovery:discover_packages(colcon_meta) discover
[0.111s] Level 1:colcon.colcon_core.package_discovery:discover_packages(recursive) discover
[0.111s] INFO:colcon.colcon_core.package_discovery:Crawling recursively for packages in '/workspace/OctoPlanner3D-ROS2'
[0.111s] Level 1:colcon.colcon_core.package_identification:_identify(.) by extensions ['ignore', 'ignore_ament_install']
[0.111s] Level 1:colcon.colcon_core.package_identification:_identify(.) by extension 'ignore'
[0.111s] Level 1:colcon.colcon_core.package_identification:_identify(.) by extension 'ignore_ament_install'
[0.111s] Level 1:colcon.colcon_core.package_identification:_identify(.) by extensions ['colcon_pkg']
[0.111s] Level 1:colcon.colcon_core.package_identification:_identify(.) by extension 'colcon_pkg'
[0.111s] Level 1:colcon.colcon_core.package_identification:_identify(.) by extensions ['colcon_meta']
[0.111s] Level 1:colcon.colcon_core.package_identification:_identify(.) by extension 'colcon_meta'
[0.111s] Level 1:colcon.colcon_core.package_identification:_identify(.) by extensions ['ros']
[0.111s] Level 1:colcon.colcon_core.package_identification:_identify(.) by extension 'ros'
[0.117s] DEBUG:colcon.colcon_core.package_identification:Package '.' with type 'ros.ament_cmake' and name 'octo_planner3d'
[0.117s] Level 1:colcon.colcon_core.package_discovery:discover_packages(recursive) using defaults
[0.117s] Level 1:colcon.colcon_core.package_discovery:discover_packages(ignore) discover
[0.117s] Level 1:colcon.colcon_core.package_discovery:discover_packages(ignore) using defaults
[0.117s] Level 1:colcon.colcon_core.package_discovery:discover_packages(path) discover
[0.117s] Level 1:colcon.colcon_core.package_discovery:discover_packages(path) using defaults
[0.127s] Level 5:colcon.colcon_core.verb:set package 'octo_planner3d' build argument 'cmake_args' from command line to 'None'
[0.127s] Level 5:colcon.colcon_core.verb:set package 'octo_planner3d' build argument 'cmake_target' from command line to 'None'
[0.127s] Level 5:colcon.colcon_core.verb:set package 'octo_planner3d' build argument 'cmake_target_skip_unavailable' from command line to 'False'
[0.127s] Level 5:colcon.colcon_core.verb:set package 'octo_planner3d' build argument 'cmake_clean_cache' from command line to 'False'
[0.127s] Level 5:colcon.colcon_core.verb:set package 'octo_planner3d' build argument 'cmake_clean_first' from command line to 'False'
[0.127s] Level 5:colcon.colcon_core.verb:set package 'octo_planner3d' build argument 'cmake_force_configure' from command line to 'False'
[0.127s] Level 5:colcon.colcon_core.verb:set package 'octo_planner3d' build argument 'ament_cmake_args' from command line to 'None'
[0.127s] Level 5:colcon.colcon_core.verb:set package 'octo_planner3d' build argument 'catkin_cmake_args' from command line to 'None'
[0.127s] Level 5:colcon.colcon_core.verb:set package 'octo_planner3d' build argument 'catkin_skip_building_tests' from command line to 'False'
[0.127s] DEBUG:colcon.colcon_core.verb:Building package 'octo_planner3d' with the following arguments: {'ament_cmake_args': None, 'build_base': '/workspace/OctoPlanner3D-ROS2/build/octo_planner3d', 'catkin_cmake_args': None, 'catkin_skip_building_tests': False, 'cmake_args': None, 'cmake_clean_cache': False, 'cmake_clean_first': False, 'cmake_force_configure': False, 'cmake_target': None, 'cmake_target_skip_unavailable': False, 'install_base': '/workspace/OctoPlanner3D-ROS2/install/octo_planner3d', 'merge_install': False, 'path': '/workspace/OctoPlanner3D-ROS2', 'symlink_install': False, 'test_result_base': None}
[0.127s] INFO:colcon.colcon_core.executor:Executing jobs using 'parallel' executor
[0.128s] DEBUG:colcon.colcon_parallel_executor.executor.parallel:run_until_complete
[0.129s] INFO:colcon.colcon_ros.task.ament_cmake.build:Building ROS package in '/workspace/OctoPlanner3D-ROS2' with build type 'ament_cmake'
[0.129s] INFO:colcon.colcon_cmake.task.cmake.build:Building CMake package in '/workspace/OctoPlanner3D-ROS2'
[0.129s] INFO:colcon.colcon_core.plugin_system:Skipping extension 'colcon_core.shell.bat': Not used on non-Windows systems
[0.130s] INFO:colcon.colcon_core.shell:Skip shell extension 'powershell' for command environment: Not usable outside of PowerShell
[0.130s] DEBUG:colcon.colcon_core.shell:Skip shell extension 'dsv' for command environment
[0.134s] DEBUG:colcon.colcon_core.event_handler.log_command:Invoking command in '/workspace/OctoPlanner3D-ROS2/build/octo_planner3d': CMAKE_PREFIX_PATH=${CMAKE_PREFIX_PATH}:/opt/ros/humble /usr/bin/cmake /workspace/OctoPlanner3D-ROS2 -DCMAKE_INSTALL_PREFIX=/workspace/OctoPlanner3D-ROS2/install/octo_planner3d
[1.353s] DEBUG:colcon.colcon_core.event_handler.log_command:Invoked command in '/workspace/OctoPlanner3D-ROS2/build/octo_planner3d' returned '0': CMAKE_PREFIX_PATH=${CMAKE_PREFIX_PATH}:/opt/ros/humble /usr/bin/cmake /workspace/OctoPlanner3D-ROS2 -DCMAKE_INSTALL_PREFIX=/workspace/OctoPlanner3D-ROS2/install/octo_planner3d
[1.353s] DEBUG:colcon.colcon_core.event_handler.log_command:Invoking command in '/workspace/OctoPlanner3D-ROS2/build/octo_planner3d': CMAKE_PREFIX_PATH=${CMAKE_PREFIX_PATH}:/opt/ros/humble /usr/bin/cmake --build /workspace/OctoPlanner3D-ROS2/build/octo_planner3d -- -j20 -l20
[11.521s] DEBUG:colcon.colcon_core.event_handler.log_command:Invoked command in '/workspace/OctoPlanner3D-ROS2/build/octo_planner3d' returned '0': CMAKE_PREFIX_PATH=${CMAKE_PREFIX_PATH}:/opt/ros/humble /usr/bin/cmake --build /workspace/OctoPlanner3D-ROS2/build/octo_planner3d -- -j20 -l20
[11.526s] DEBUG:colcon.colcon_core.event_handler.log_command:Invoking command in '/workspace/OctoPlanner3D-ROS2/build/octo_planner3d': CMAKE_PREFIX_PATH=${CMAKE_PREFIX_PATH}:/opt/ros/humble /usr/bin/cmake --install /workspace/OctoPlanner3D-ROS2/build/octo_planner3d
[11.541s] Level 1:colcon.colcon_core.environment:create_environment_scripts_only(octo_planner3d)
[11.541s] DEBUG:colcon.colcon_core.event_handler.log_command:Invoked command in '/workspace/OctoPlanner3D-ROS2/build/octo_planner3d' returned '0': CMAKE_PREFIX_PATH=${CMAKE_PREFIX_PATH}:/opt/ros/humble /usr/bin/cmake --install /workspace/OctoPlanner3D-ROS2/build/octo_planner3d
[11.542s] Level 1:colcon.colcon_core.environment:checking '/workspace/OctoPlanner3D-ROS2/install/octo_planner3d' for CMake module files
[11.542s] Level 1:colcon.colcon_core.environment:checking '/workspace/OctoPlanner3D-ROS2/install/octo_planner3d' for CMake config files
[11.542s] Level 1:colcon.colcon_core.shell:create_environment_hook('octo_planner3d', 'cmake_prefix_path')
[11.542s] INFO:colcon.colcon_core.shell:Creating environment hook '/workspace/OctoPlanner3D-ROS2/install/octo_planner3d/share/octo_planner3d/hook/cmake_prefix_path.ps1'
[11.543s] INFO:colcon.colcon_core.shell:Creating environment descriptor '/workspace/OctoPlanner3D-ROS2/install/octo_planner3d/share/octo_planner3d/hook/cmake_prefix_path.dsv'
[11.543s] INFO:colcon.colcon_core.shell:Creating environment hook '/workspace/OctoPlanner3D-ROS2/install/octo_planner3d/share/octo_planner3d/hook/cmake_prefix_path.sh'
[11.543s] Level 1:colcon.colcon_core.environment:checking '/workspace/OctoPlanner3D-ROS2/install/octo_planner3d/lib'
[11.543s] Level 1:colcon.colcon_core.environment:checking '/workspace/OctoPlanner3D-ROS2/install/octo_planner3d/bin'
[11.543s] Level 1:colcon.colcon_core.environment:checking '/workspace/OctoPlanner3D-ROS2/install/octo_planner3d/lib/pkgconfig/octo_planner3d.pc'
[11.544s] Level 1:colcon.colcon_core.environment:checking '/workspace/OctoPlanner3D-ROS2/install/octo_planner3d/lib/python3.10/site-packages'
[11.545s] Level 1:colcon.colcon_core.environment:checking '/workspace/OctoPlanner3D-ROS2/install/octo_planner3d/bin'
[11.545s] INFO:colcon.colcon_core.shell:Creating package script '/workspace/OctoPlanner3D-ROS2/install/octo_planner3d/share/octo_planner3d/package.ps1'
[11.545s] INFO:colcon.colcon_core.shell:Creating package descriptor '/workspace/OctoPlanner3D-ROS2/install/octo_planner3d/share/octo_planner3d/package.dsv'
[11.545s] INFO:colcon.colcon_core.shell:Creating package script '/workspace/OctoPlanner3D-ROS2/install/octo_planner3d/share/octo_planner3d/package.sh'
[11.546s] INFO:colcon.colcon_core.shell:Creating package script '/workspace/OctoPlanner3D-ROS2/install/octo_planner3d/share/octo_planner3d/package.bash'
[11.552s] INFO:colcon.colcon_core.shell:Creating package script '/workspace/OctoPlanner3D-ROS2/install/octo_planner3d/share/octo_planner3d/package.zsh'
[11.552s] Level 1:colcon.colcon_core.environment:create_file_with_runtime_dependencies(/workspace/OctoPlanner3D-ROS2/install/octo_planner3d/share/colcon-core/packages/octo_planner3d)
[11.552s] Level 1:colcon.colcon_core.environment:create_environment_scripts_only(octo_planner3d)
[11.552s] Level 1:colcon.colcon_core.environment:checking '/workspace/OctoPlanner3D-ROS2/install/octo_planner3d' for CMake module files
[11.553s] Level 1:colcon.colcon_core.environment:checking '/workspace/OctoPlanner3D-ROS2/install/octo_planner3d' for CMake config files
[11.553s] Level 1:colcon.colcon_core.shell:create_environment_hook('octo_planner3d', 'cmake_prefix_path')
[11.553s] INFO:colcon.colcon_core.shell:Creating environment hook '/workspace/OctoPlanner3D-ROS2/install/octo_planner3d/share/octo_planner3d/hook/cmake_prefix_path.ps1'
[11.553s] INFO:colcon.colcon_core.shell:Creating environment descriptor '/workspace/OctoPlanner3D-ROS2/install/octo_planner3d/share/octo_planner3d/hook/cmake_prefix_path.dsv'
[11.553s] INFO:colcon.colcon_core.shell:Creating environment hook '/workspace/OctoPlanner3D-ROS2/install/octo_planner3d/share/octo_planner3d/hook/cmake_prefix_path.sh'
[11.553s] Level 1:colcon.colcon_core.environment:checking '/workspace/OctoPlanner3D-ROS2/install/octo_planner3d/lib'
[11.553s] Level 1:colcon.colcon_core.environment:checking '/workspace/OctoPlanner3D-ROS2/install/octo_planner3d/bin'
[11.553s] Level 1:colcon.colcon_core.environment:checking '/workspace/OctoPlanner3D-ROS2/install/octo_planner3d/lib/pkgconfig/octo_planner3d.pc'
[11.553s] Level 1:colcon.colcon_core.environment:checking '/workspace/OctoPlanner3D-ROS2/install/octo_planner3d/lib/python3.10/site-packages'
[11.554s] Level 1:colcon.colcon_core.environment:checking '/workspace/OctoPlanner3D-ROS2/install/octo_planner3d/bin'
[11.554s] INFO:colcon.colcon_core.shell:Creating package script '/workspace/OctoPlanner3D-ROS2/install/octo_planner3d/share/octo_planner3d/package.ps1'
[11.554s] INFO:colcon.colcon_core.shell:Creating package descriptor '/workspace/OctoPlanner3D-ROS2/install/octo_planner3d/share/octo_planner3d/package.dsv'
[11.554s] INFO:colcon.colcon_core.shell:Creating package script '/workspace/OctoPlanner3D-ROS2/install/octo_planner3d/share/octo_planner3d/package.sh'
[11.554s] INFO:colcon.colcon_core.shell:Creating package script '/workspace/OctoPlanner3D-ROS2/install/octo_planner3d/share/octo_planner3d/package.bash'
[11.554s] INFO:colcon.colcon_core.shell:Creating package script '/workspace/OctoPlanner3D-ROS2/install/octo_planner3d/share/octo_planner3d/package.zsh'
[11.555s] Level 1:colcon.colcon_core.environment:create_file_with_runtime_dependencies(/workspace/OctoPlanner3D-ROS2/install/octo_planner3d/share/colcon-core/packages/octo_planner3d)
[11.555s] DEBUG:colcon.colcon_parallel_executor.executor.parallel:closing loop
[11.555s] DEBUG:colcon.colcon_parallel_executor.executor.parallel:loop closed
[11.555s] DEBUG:colcon.colcon_parallel_executor.executor.parallel:run_until_complete finished with '0'
[11.555s] DEBUG:colcon.colcon_core.event_reactor:joining thread
[11.558s] INFO:colcon.colcon_core.plugin_system:Skipping extension 'colcon_notification.desktop_notification.notify_send': Could not find 'notify-send'
[11.558s] INFO:colcon.colcon_core.plugin_system:Skipping extension 'colcon_notification.desktop_notification.terminal_notifier': Not used on non-Darwin systems
[11.558s] INFO:colcon.colcon_core.plugin_system:Skipping extension 'colcon_notification.desktop_notification.win32': Not used on non-Windows systems
[11.558s] INFO:colcon.colcon_notification.desktop_notification:Sending desktop notification using 'notify2'
[11.563s] DEBUG:colcon.colcon_notification.desktop_notification.notify2:Failed to initialize notify2: org.freedesktop.DBus.Error.Spawn.ExecFailed: /usr/bin/dbus-launch terminated abnormally without any error message
[11.563s] DEBUG:colcon.colcon_core.event_reactor:joined thread
[11.563s] INFO:colcon.colcon_core.shell:Creating prefix script '/workspace/OctoPlanner3D-ROS2/install/local_setup.ps1'
[11.564s] INFO:colcon.colcon_core.shell:Creating prefix util module '/workspace/OctoPlanner3D-ROS2/install/_local_setup_util_ps1.py'
[11.565s] INFO:colcon.colcon_core.shell:Creating prefix chain script '/workspace/OctoPlanner3D-ROS2/install/setup.ps1'
[11.565s] INFO:colcon.colcon_core.shell:Creating prefix script '/workspace/OctoPlanner3D-ROS2/install/local_setup.sh'
[11.565s] INFO:colcon.colcon_core.shell:Creating prefix util module '/workspace/OctoPlanner3D-ROS2/install/_local_setup_util_sh.py'
[11.565s] INFO:colcon.colcon_core.shell:Creating prefix chain script '/workspace/OctoPlanner3D-ROS2/install/setup.sh'
[11.566s] INFO:colcon.colcon_core.shell:Creating prefix script '/workspace/OctoPlanner3D-ROS2/install/local_setup.bash'
[11.566s] INFO:colcon.colcon_core.shell:Creating prefix chain script '/workspace/OctoPlanner3D-ROS2/install/setup.bash'
[11.566s] INFO:colcon.colcon_core.shell:Creating prefix script '/workspace/OctoPlanner3D-ROS2/install/local_setup.zsh'
[11.566s] INFO:colcon.colcon_core.shell:Creating prefix chain script '/workspace/OctoPlanner3D-ROS2/install/setup.zsh'
