-- The CXX compiler identification is GNU 11.4.0
-- Detecting CXX compiler ABI info
-- Detecting CXX compiler ABI info - done
-- Check for working CXX compiler: /usr/bin/c++ - skipped
-- Detecting CXX compile features
-- Detecting CXX compile features - done
-- Checking for module 'libusb-1.0'
--   Found libusb-1.0, version 1.0.25
-- Found libusb: /usr/lib/x86_64-linux-gnu/libusb-1.0.so  
-- Found OpenNI: /usr/lib/libOpenNI.so;libusb::libusb (found version "1.5.4.0") 
-- OpenNI found (version: 1.5.4.0, include: /usr/include/ni, lib: /usr/lib/libOpenNI.so;libusb::libusb)
-- Found OpenNI2: /usr/lib/x86_64-linux-gnu/libOpenNI2.so;libusb::libusb (found version "2.2.0.33") 
-- OpenNI2 found (version: 2.2.0.33, include: /usr/include/openni2, lib: /usr/lib/x86_64-linux-gnu/libOpenNI2.so;libusb::libusb)
[0m** WARNING ** io features related to pcap will be disabled[0m
[0m** WARNING ** io features related to png will be disabled[0m
-- Looking for C++ include pthread.h
-- Looking for C++ include pthread.h - found
-- Performing Test CMAKE_HAVE_LIBC_PTHREAD
-- Performing Test CMAKE_HAVE_LIBC_PTHREAD - Success
-- Found Threads: TRUE  
-- Found GLEW: /usr/lib/x86_64-linux-gnu/libGLEW.so  
-- Found OpenGL: /usr/lib/x86_64-linux-gnu/libOpenGL.so  found components: OpenGL GLX 
-- Could NOT find MPI (missing: MPI_C_FOUND C) 
    Reason given by package: MPI component 'C' was requested, but language C is not enabled.  

-- Found JsonCpp: /usr/lib/x86_64-linux-gnu/libjsoncpp.so (found suitable version "1.9.5", minimum required is "0.7.0") 
-- Found ZLIB: /usr/lib/x86_64-linux-gnu/libz.so (found version "1.2.11") 
-- Found PNG: /usr/lib/x86_64-linux-gnu/libpng.so (found version "1.6.37") 
-- Found Eigen3: /usr/include/eigen3 (found version "3.4.0") 
-- Found X11: /usr/include   
-- Looking for XOpenDisplay in /usr/lib/x86_64-linux-gnu/libX11.so;/usr/lib/x86_64-linux-gnu/libXext.so
-- Looking for XOpenDisplay in /usr/lib/x86_64-linux-gnu/libX11.so;/usr/lib/x86_64-linux-gnu/libXext.so - found
-- Looking for gethostbyname
-- Looking for gethostbyname - found
-- Looking for connect
-- Looking for connect - found
-- Looking for remove
-- Looking for remove - found
-- Looking for shmat
-- Looking for shmat - found
-- Looking for IceConnectionNumber in ICE
-- Looking for IceConnectionNumber in ICE - found
-- Found EXPAT: /usr/lib/x86_64-linux-gnu/libexpat.so (found version "2.4.7") 
-- Found double-conversion: /usr/lib/x86_64-linux-gnu/libdouble-conversion.so  
-- Found LZ4: /usr/lib/x86_64-linux-gnu/liblz4.so (found version "1.9.3") 
-- Found LZMA: /usr/lib/x86_64-linux-gnu/liblzma.so (found version "5.2.5") 
-- Found JPEG: /usr/lib/x86_64-linux-gnu/libjpeg.so (found version "80") 
-- Found TIFF: /usr/lib/x86_64-linux-gnu/libtiff.so (found version "4.3.0")  
-- Found Freetype: /usr/lib/x86_64-linux-gnu/libfreetype.so (found version "2.11.1") 
-- Found utf8cpp: /usr/include/utf8cpp  
-- Found Boost: /usr/lib/x86_64-linux-gnu/cmake/Boost-1.74.0/BoostConfig.cmake (found suitable version "1.74.0", minimum required is "1.65.0") found components: system filesystem date_time iostreams serialization 
-- Checking for module 'eigen3'
--   Found eigen3, version 3.4.0
-- Found Eigen: /usr/include/eigen3 (Required is at least version "3.1") 
-- Eigen found (include: /usr/include/eigen3, version: 3.4.0)
-- Eigen found (include: /usr/include/eigen3, version: 3.4.0)
-- looking for PCL_OCTREE
-- Found PCL_OCTREE: /usr/lib/x86_64-linux-gnu/libpcl_octree.so  
-- looking for PCL_IO
-- Found PCL_IO: /usr/lib/x86_64-linux-gnu/libpcl_io.so  
-- looking for PCL_COMMON
-- Found PCL_COMMON: /usr/lib/x86_64-linux-gnu/libpcl_common.so  
-- Found PCL: pcl_octree;pcl_io;pcl_common;Boost::system;Boost::filesystem;Boost::date_time;Boost::iostreams;Boost::serialization;/usr/lib/libOpenNI.so;libusb::libusb;/usr/lib/x86_64-linux-gnu/libOpenNI2.so;libusb::libusb;VTK::ChartsCore;VTK::CommonColor;VTK::CommonComputationalGeometry;VTK::CommonCore;VTK::CommonDataModel;VTK::CommonExecutionModel;VTK::CommonMath;VTK::CommonMisc;VTK::CommonTransforms;VTK::FiltersCore;VTK::FiltersExtraction;VTK::FiltersGeneral;VTK::FiltersGeometry;VTK::FiltersModeling;VTK::FiltersSources;VTK::ImagingCore;VTK::ImagingSources;VTK::InteractionImage;VTK::InteractionStyle;VTK::InteractionWidgets;VTK::IOCore;VTK::IOGeometry;VTK::IOImage;VTK::IOLegacy;VTK::IOPLY;VTK::RenderingAnnotation;VTK::RenderingCore;VTK::RenderingContext2D;VTK::RenderingLOD;VTK::RenderingFreeType;VTK::ViewsCore;VTK::ViewsContext2D;VTK::RenderingOpenGL2;VTK::GUISupportQt  
-- Found Python3: /usr/bin/python3 (found version "3.10.12") found components: Interpreter 
-- Found rclcpp: 16.0.19 (/opt/ros/humble/share/rclcpp/cmake)
-- Found rosidl_generator_c: 3.1.8 (/opt/ros/humble/share/rosidl_generator_c/cmake)
-- Found rosidl_adapter: 3.1.8 (/opt/ros/humble/share/rosidl_adapter/cmake)
-- Found rosidl_generator_cpp: 3.1.8 (/opt/ros/humble/share/rosidl_generator_cpp/cmake)
-- Using all available rosidl_typesupport_c: rosidl_typesupport_fastrtps_c;rosidl_typesupport_introspection_c
-- Using all available rosidl_typesupport_cpp: rosidl_typesupport_fastrtps_cpp;rosidl_typesupport_introspection_cpp
-- Found rmw_implementation_cmake: 6.1.2 (/opt/ros/humble/share/rmw_implementation_cmake/cmake)
-- Found rmw_fastrtps_cpp: 6.2.10 (/opt/ros/humble/share/rmw_fastrtps_cpp/cmake)
-- Found OpenSSL: /usr/lib/x86_64-linux-gnu/libcrypto.so (found version "3.0.2")  
-- Found FastRTPS: /opt/ros/humble/include  
-- Using RMW implementation 'rmw_fastrtps_cpp' as default
-- Found geometry_msgs: 4.9.1 (/opt/ros/humble/share/geometry_msgs/cmake)
-- Found nav_msgs: 4.9.1 (/opt/ros/humble/share/nav_msgs/cmake)
-- Found visualization_msgs: 4.9.1 (/opt/ros/humble/share/visualization_msgs/cmake)
-- Configuring done
-- Generating done
-- Build files have been written to: /workspace/OctoPlanner3D-ROS2/build/octo_planner3d
[ 12%] [32mBuilding CXX object octomap/CMakeFiles/Octomap.dir/src/pcd2octomap_converter.cpp.o[0m
[ 25%] [32mBuilding CXX object planner/CMakeFiles/GlobalPlanner.dir/src/global_planner.cpp.o[0m
[ 37%] [32m[1mLinking CXX static library libGlobalPlanner.a[0m
[ 37%] Built target GlobalPlanner
[ 50%] [32m[1mLinking CXX static library libOctomap.a[0m
[ 50%] Built target Octomap
[ 62%] [32mBuilding CXX object CMakeFiles/globalPlan.dir/main.cpp.o[0m
[ 75%] [32mBuilding CXX object CMakeFiles/octo_planner_rviz_node.dir/src/octo_planner_rviz_node.cpp.o[0m
[ 87%] [32m[1mLinking CXX executable globalPlan[0m
[ 87%] Built target globalPlan
[100%] [32m[1mLinking CXX executable octo_planner_rviz_node[0m
[100%] Built target octo_planner_rviz_node
-- Install configuration: ""
-- Installing: /workspace/OctoPlanner3D-ROS2/install/octo_planner3d/lib/octo_planner3d/globalPlan
-- Set runtime path of "/workspace/OctoPlanner3D-ROS2/install/octo_planner3d/lib/octo_planner3d/globalPlan" to ""
-- Installing: /workspace/OctoPlanner3D-ROS2/install/octo_planner3d/lib/octo_planner3d/octo_planner_rviz_node
-- Set runtime path of "/workspace/OctoPlanner3D-ROS2/install/octo_planner3d/lib/octo_planner3d/octo_planner_rviz_node" to "$ORIGIN"
-- Installing: /workspace/OctoPlanner3D-ROS2/install/octo_planner3d/lib/octo_planner3d/liboctomap.so.1.10
-- Installing: /workspace/OctoPlanner3D-ROS2/install/octo_planner3d/lib/octo_planner3d/liboctomath.so.1.10
-- Installing: /workspace/OctoPlanner3D-ROS2/install/octo_planner3d/share/ament_index/resource_index/package_run_dependencies/octo_planner3d
-- Installing: /workspace/OctoPlanner3D-ROS2/install/octo_planner3d/share/ament_index/resource_index/parent_prefix_path/octo_planner3d
-- Installing: /workspace/OctoPlanner3D-ROS2/install/octo_planner3d/share/octo_planner3d/environment/ament_prefix_path.sh
-- Installing: /workspace/OctoPlanner3D-ROS2/install/octo_planner3d/share/octo_planner3d/environment/ament_prefix_path.dsv
-- Installing: /workspace/OctoPlanner3D-ROS2/install/octo_planner3d/share/octo_planner3d/environment/path.sh
-- Installing: /workspace/OctoPlanner3D-ROS2/install/octo_planner3d/share/octo_planner3d/environment/path.dsv
-- Installing: /workspace/OctoPlanner3D-ROS2/install/octo_planner3d/share/octo_planner3d/local_setup.bash
-- Installing: /workspace/OctoPlanner3D-ROS2/install/octo_planner3d/share/octo_planner3d/local_setup.sh
-- Installing: /workspace/OctoPlanner3D-ROS2/install/octo_planner3d/share/octo_planner3d/local_setup.zsh
-- Installing: /workspace/OctoPlanner3D-ROS2/install/octo_planner3d/share/octo_planner3d/local_setup.dsv
-- Installing: /workspace/OctoPlanner3D-ROS2/install/octo_planner3d/share/octo_planner3d/package.dsv
-- Installing: /workspace/OctoPlanner3D-ROS2/install/octo_planner3d/share/ament_index/resource_index/packages/octo_planner3d
-- Installing: /workspace/OctoPlanner3D-ROS2/install/octo_planner3d/share/octo_planner3d/cmake/octo_planner3dConfig.cmake
-- Installing: /workspace/OctoPlanner3D-ROS2/install/octo_planner3d/share/octo_planner3d/cmake/octo_planner3dConfig-version.cmake
-- Installing: /workspace/OctoPlanner3D-ROS2/install/octo_planner3d/share/octo_planner3d/package.xml
